\BOOKMARK [0][-]{section*.1}{\376\377\000T\000e\000n\000n\000i\000s\000\040\000m\000a\000t\000c\000h\000\040\000f\000o\000r\000e\000c\000a\000s\000t\000i\000n\000g\000;\000\040\000h\000o\000w\000\040\000A\000I\000\040\000c\000a\000n\000\040\000b\000e\000a\000t\000\040\000b\000o\000o\000k\000\040\000m\000a\000k\000e\000r\000s\000\040\000o\000n\000\040\000t\000h\000e\000i\000r\000\040\000o\000w\000n\000\040\000p\000l\000a\000t\000f\000o\000r\000m\000s}{}% 1
\BOOKMARK [1][-]{section*.2}{\376\377\000C\000o\000n\000t\000e\000n\000t\000s}{section*.1}% 2
\BOOKMARK [1][-]{section*.3}{\376\377\000I\000n\000t\000r\000o\000d\000u\000c\000t\000i\000o\000n}{section*.1}% 3
\BOOKMARK [2][-]{section*.4}{\376\377\000E\000l\000o\000\040\000s\000y\000s\000t\000e\000m}{section*.3}% 4
\BOOKMARK [2][-]{section*.5}{\376\377\000O\000b\000j\000e\000c\000t\000i\000v\000e\000s}{section*.3}% 5
\BOOKMARK [1][-]{section*.6}{\376\377\000E\000x\000p\000l\000o\000r\000a\000t\000o\000r\000y\000\040\000d\000a\000t\000a\000\040\000a\000n\000a\000l\000y\000s\000i\000s\000\040\000\050\000E\000D\000A\000\051}{section*.1}% 6
\BOOKMARK [2][-]{section*.7}{\376\377\000D\000a\000t\000a\000\040\000f\000e\000t\000c\000h}{section*.6}% 7
\BOOKMARK [2][-]{section*.8}{\376\377\000D\000a\000t\000a\000\040\000e\000n\000r\000i\000c\000h\000m\000e\000n\000t\000\040\000\046\000\040\000c\000l\000e\000a\000n\000i\000n\000g}{section*.6}% 8
\BOOKMARK [2][-]{section*.9}{\376\377\000D\000a\000t\000a\000\040\000s\000t\000a\000t\000i\000s\000t\000i\000c\000s\000\040\000a\000n\000d\000\040\000v\000i\000s\000u\000a\000l\000i\000s\000a\000t\000i\000o\000n\000s}{section*.6}% 9
\BOOKMARK [2][-]{section*.10}{\376\377\000S\000t\000r\000a\000t\000e\000g\000i\000e\000s}{section*.6}% 10
\BOOKMARK [2][-]{section*.11}{\376\377\000F\000e\000a\000t\000u\000r\000e\000\040\000s\000e\000l\000e\000c\000t\000i\000o\000n}{section*.6}% 11
\BOOKMARK [1][-]{section*.12}{\376\377\000M\000L\000\040\000m\000o\000d\000e\000l\000s\000\040\000a\000n\000d\000\040\000l\000e\000a\000r\000n\000i\000n\000g}{section*.1}% 12
\BOOKMARK [2][-]{section*.13}{\376\377\000M\000o\000d\000e\000l\000\040\000s\000e\000l\000e\000c\000t\000i\000o\000n}{section*.12}% 13
\BOOKMARK [2][-]{section*.14}{\376\377\000R\000a\000n\000d\000o\000m\000\040\000f\000o\000r\000e\000s\000t}{section*.12}% 14
\BOOKMARK [2][-]{section*.15}{\376\377\000A\000d\000a\000\040\000b\000o\000o\000s\000t}{section*.12}% 15
\BOOKMARK [2][-]{section*.16}{\376\377\000S\000u\000p\000p\000o\000r\000t\000\040\000v\000e\000c\000t\000o\000r\000\040\000M\000a\000c\000h\000i\000n\000e}{section*.12}% 16
\BOOKMARK [2][-]{section*.17}{\376\377\000V\000o\000t\000i\000n\000g}{section*.12}% 17
\BOOKMARK [2][-]{section*.18}{\376\377\000D\000e\000n\000s\000e\000\040\000n\000e\000u\000r\000a\000l\000\040\000n\000e\000t\000w\000o\000r\000k}{section*.12}% 18
\BOOKMARK [2][-]{section*.19}{\376\377\000E\000x\000p\000l\000o\000r\000i\000n\000g\000\040\000a\000l\000t\000e\000r\000n\000a\000t\000i\000v\000e\000\040\000m\000o\000d\000e\000l\000s\000\040\000\046\000\040\000i\000m\000p\000o\000r\000t\000a\000n\000t\000\040\000f\000e\000a\000t\000u\000r\000e\000s}{section*.12}% 19
\BOOKMARK [2][-]{section*.20}{\376\377\000B\000e\000t\000t\000i\000n\000g\000\040\000w\000i\000t\000h\000\040\000t\000h\000e\000\040\000p\000r\000e\000d\000i\000c\000t\000i\000o\000n\000\040\000m\000o\000d\000e\000l}{section*.12}% 20
\BOOKMARK [1][-]{section*.21}{\376\377\000C\000o\000n\000c\000l\000u\000s\000i\000o\000n}{section*.1}% 21
