This is pdfTeX, Version 3.141592653-2.6-1.40.25 (TeX Live 2023) (preloaded format=pdflatex 2024.3.4)  11 MAR 2024 12:57
entering extended mode
 restricted \write18 enabled.
 %&-line parsing enabled.
**final_report.tex
(./final_report.tex
LaTeX2e <2023-11-01> patch level 1
L3 programming layer <2024-02-20>
(c:/texlive/2023/texmf-dist/tex/latex/revtex/revtex4-2.cls
Document Class: revtex4-2 2022/06/05 4.2f (https://journals.aps.org/revtex/ for
 documentation)
 Copyright (c) 2019 American Physical Society.
 mailto:revtex@aps.org
 Licensed under the LPPL:
http://www.ctan.org/tex-archive/macros/latex/base/lppl.txt
 Arthur Ogawa <arthur_ogawa at sbcglobal dot net>
 Based on work by David Carlisle <david at dcarlisle.demon.co.uk>
 Version (4.2d--4.2f): Modified by Mark Doyle and Phelype Oleinik
 .
ltxutil[2022/06/05 4.2f utilities package (portions licensed from W. E. Baxter 
web at superscript.com)]
LaTeX Info: Redefining \@centercr on input line 356.
Class revtex4-2 Info: Repairing broken LaTeX eqnarray on input line 417.
\eqncolsep=\skip48
Class revtex4-2 Info: Repairing hyperref-unfriendly LaTeX definition of \mpfoot
note on input line 492.
Class revtex4-2 Info: Repairing broken LateX \@sect on input line 814.
\intertabularlinepenalty=\count188
\@tbpen=\count189
\@arstrutbox@hline=\box51
Class revtex4-2 Info: Repairing broken LaTeX \@xbitor on input line 1845.
Class revtex4-2 Info: Making \typeout \long on input line 2110.
ltxfront[2022/06/05 4.2f frontmatter package (AO,DPC,MD)]
\c@affil=\count190
\c@collab=\count191
\absbox=\box52
ltxgrid[2022/06/05 4.2f page grid package (portions licensed from W. E. Baxter 
web at superscript.com)]
\c@linecount=\count192
\output@latex=\toks17
\box@size@1=\box53
\box@size@2=\box54
\@protection@box=\box55
\@topmark@saved=\toks18
\footins@saved=\box56
\footins@recovered=\box57
\column@recovered=\box58
\pagesofar=\box59
\footsofar=\box60
\pagegrid@col=\count193
Class revtex4-2 Info: Overriding \@vspace, \@vspacer, \@no@pgbk, \@newline, and
 \\  on input line 5676.
\c@part=\count194
\c@section=\count195
\c@subsection=\count196
\c@subsubsection=\count197
\c@paragraph=\count198
\c@subparagraph=\count199
\abovecaptionskip=\skip49
\belowcaptionskip=\skip50
\c@figure=\count266
\fbox@1=\box61
\c@table=\count267
\fbox@2=\box62
\c@video=\count268
\fbox@4=\box63
\@bibdataout=\write3
\widetext@top=\box64
\widetext@bot=\box65
Class revtex4-2 Info: Selecting society aps on input line 7669.
(c:/texlive/2023/texmf-dist/tex/latex/revtex/aps4-2.rtx
File: aps4-2 2022/06/05 4.2f (https://journals.aps.org/revtex/ for documentatio
n)
Class revtex4-2 Info: RevTeX society APS selected on input line 40.
)

Class revtex4-2 Warning: No journal specified, using default pra.

Class revtex4-2 Info: APS journal PRA selected on input line 7672.
(c:/texlive/2023/texmf-dist/tex/latex/revtex/aps12pt4-2.rtx
File: aps12pt4-2 2022/06/05 4.2f (https://journals.aps.org/revtex/ for document
ation)
Class revtex4-2 Info: RevTeX pointsize 12pt selected on input line 39.
)
(c:/texlive/2023/texmf-dist/tex/latex/textcase/textcase.sty
Package: textcase 2023/07/27 v1.04 Text only upper/lower case changing (DPC)
Package textcase Info: Defining Legacy names on input line 20.
)
(c:/texlive/2023/texmf-dist/tex/latex/amsfonts/amsfonts.sty
Package: amsfonts 2013/01/14 v3.01 Basic AMSFonts support
\@emptytoks=\toks19
\symAMSa=\mathgroup4
\symAMSb=\mathgroup5
LaTeX Font Info:    Redeclaring math symbol \hbar on input line 98.
LaTeX Font Info:    Overwriting math alphabet `\mathfrak' in version `bold'
(Font)                  U/euf/m/n --> U/euf/b/n on input line 106.
)
(c:/texlive/2023/texmf-dist/tex/latex/amsfonts/amssymb.sty
Package: amssymb 2013/01/14 v3.01 AMS font symbols
)
(c:/texlive/2023/texmf-dist/tex/latex/amsmath/amsmath.sty
Package: amsmath 2023/05/13 v2.17o AMS math features
\@mathmargin=\skip51

For additional information on amsmath, use the `?' option.
(c:/texlive/2023/texmf-dist/tex/latex/amsmath/amstext.sty
Package: amstext 2021/08/26 v2.01 AMS text

(c:/texlive/2023/texmf-dist/tex/latex/amsmath/amsgen.sty
File: amsgen.sty 1999/11/30 v2.0 generic functions
\@emptytoks=\toks20
\ex@=\dimen140
)
LaTeX Info: Redefining \text on input line 28.
)
(c:/texlive/2023/texmf-dist/tex/latex/amsmath/amsbsy.sty
Package: amsbsy 1999/11/29 v1.2d Bold Symbols
\pmbraise@=\dimen141
)
(c:/texlive/2023/texmf-dist/tex/latex/amsmath/amsopn.sty
Package: amsopn 2022/04/08 v2.04 operator names
)
\inf@bad=\count269
LaTeX Info: Redefining \frac on input line 234.
\uproot@=\count270
\leftroot@=\count271
LaTeX Info: Redefining \overline on input line 399.
LaTeX Info: Redefining \colon on input line 410.
\classnum@=\count272
\DOTSCASE@=\count273
LaTeX Info: Redefining \ldots on input line 496.
LaTeX Info: Redefining \dots on input line 499.
LaTeX Info: Redefining \cdots on input line 620.
\Mathstrutbox@=\box66
\strutbox@=\box67
LaTeX Info: Redefining \big on input line 722.
LaTeX Info: Redefining \Big on input line 723.
LaTeX Info: Redefining \bigg on input line 724.
LaTeX Info: Redefining \Bigg on input line 725.
\big@size=\dimen142
LaTeX Font Info:    Redeclaring font encoding OML on input line 743.
LaTeX Font Info:    Redeclaring font encoding OMS on input line 744.
\macc@depth=\count274
LaTeX Info: Redefining \bmod on input line 905.
LaTeX Info: Redefining \pmod on input line 910.
LaTeX Info: Redefining \smash on input line 940.
LaTeX Info: Redefining \relbar on input line 970.
LaTeX Info: Redefining \Relbar on input line 971.
\c@MaxMatrixCols=\count275
\dotsspace@=\muskip16
\c@parentequation=\count276
\dspbrk@lvl=\count277
\tag@help=\toks21
\row@=\count278
\column@=\count279
\maxfields@=\count280
\andhelp@=\toks22
\eqnshift@=\dimen143
\alignsep@=\dimen144
\tagshift@=\dimen145
\tagwidth@=\dimen146
\totwidth@=\dimen147
\lineht@=\dimen148
\@envbody=\toks23
\multlinegap=\skip52
\multlinetaggap=\skip53
\mathdisplay@stack=\toks24
LaTeX Info: Redefining \[ on input line 2953.
LaTeX Info: Redefining \] on input line 2954.
)
(c:/texlive/2023/texmf-dist/tex/latex/url/url.sty
\Urlmuskip=\muskip17
Package: url 2013/09/16  ver 3.4  Verb mode for urls, etc.
)
(c:/texlive/2023/texmf-dist/tex/latex/natbib/natbib.sty
Package: natbib 2010/09/13 8.31b (PWD, AO)
\bibhang=\skip54
\bibsep=\skip55
LaTeX Info: Redefining \cite on input line 694.
\c@NAT@ctr=\count281
)
Class revtex4-2 Info: Repairing natbib's \BibitemShut on input line 7676.

(c:/texlive/2023/texmf-dist/tex/latex/revtex/revsymb4-2.sty
Package: revsymb4-2 2022/06/05 4.2f (https://journals.aps.org/revtex/ for docum
entation)
LaTeX Info: Redefining \frak on input line 104.
LaTeX Info: Redefining \Bbb on input line 120.
LaTeX Info: Redefining \REV@mathfrak on input line 128.
))
(c:/texlive/2023/texmf-dist/tex/latex/ieeetran/IEEEtrantools.sty
Package: IEEEtrantools 2015/08/26 V1.5 by Michael Shell

-- See the "IEEEtrantools_doc.txt" manual for usage information.
-- http://www.michaelshell.org/tex/ieeetran/tools/
\@IEEEtrantmpdimenA=\dimen149
\@IEEEtrantmpdimenB=\dimen150
\@IEEEtrantmpdimenC=\dimen151
\@IEEEtrantmpcountA=\count282
\@IEEEtrantmpcountB=\count283
\@IEEEtrantmpcountC=\count284
\@IEEEtrantmptoksA=\toks25
\IEEEnormaljot=\dimen152
\IEEEquantizedlength=\dimen153
\IEEEquantizedlengthdiff=\dimen154
\IEEEquantizedtextheightdiff=\dimen155
\IEEEilabelindentA=\dimen156
\IEEEilabelindentB=\dimen157
\IEEEilabelindent=\dimen158
\IEEEelabelindent=\dimen159
\IEEEdlabelindent=\dimen160
\IEEElabelindent=\dimen161
\IEEEiednormlabelsep=\dimen162
\IEEEiedmathlabelsep=\dimen163
\IEEEiedtopsep=\skip56
\c@IEEEsubequation=\count285
\@IEEEeqnnumcols=\count286
\@IEEEeqncolcnt=\count287
\@IEEEsubeqnnumrollback=\count288
\IEEEPARstartletwidth=\dimen164
) (c:/texlive/2023/texmf-dist/tex/latex/microtype/microtype.sty
Package: microtype 2023/03/13 v3.1a Micro-typographical refinements (RS)

(c:/texlive/2023/texmf-dist/tex/latex/graphics/keyval.sty
Package: keyval 2022/05/29 v1.15 key=value parser (DPC)
\KV@toks@=\toks26
)
(c:/texlive/2023/texmf-dist/tex/latex/etoolbox/etoolbox.sty
Package: etoolbox 2020/10/05 v2.5k e-TeX tools for LaTeX (JAW)
\etb@tempcnta=\count289
)
\MT@toks=\toks27
\MT@tempbox=\box68
\MT@count=\count290
LaTeX Info: Redefining \noprotrusionifhmode on input line 1059.
LaTeX Info: Redefining \leftprotrusion on input line 1060.
\MT@prot@toks=\toks28
LaTeX Info: Redefining \rightprotrusion on input line 1078.
LaTeX Info: Redefining \textls on input line 1368.
\MT@outer@kern=\dimen165
LaTeX Info: Redefining \textmicrotypecontext on input line 1988.
\MT@listname@count=\count291

(c:/texlive/2023/texmf-dist/tex/latex/microtype/microtype-pdftex.def
File: microtype-pdftex.def 2023/03/13 v3.1a Definitions specific to pdftex (RS)

LaTeX Info: Redefining \lsstyle on input line 902.
LaTeX Info: Redefining \lslig on input line 902.
\MT@outer@space=\skip57
)
Package microtype Info: Loading configuration file microtype.cfg.

(c:/texlive/2023/texmf-dist/tex/latex/microtype/microtype.cfg
File: microtype.cfg 2023/03/13 v3.1a microtype main configuration file (RS)
))
(c:/texlive/2023/texmf-dist/tex/latex/appendix/appendix.sty
Package: appendix 2020/02/08 v1.2c extra appendix facilities
\c@@pps=\count292
\c@@ppsavesec=\count293
\c@@ppsaveapp=\count294
)
(c:/texlive/2023/texmf-dist/tex/latex/amscls/amsthm.sty
Package: amsthm 2020/05/29 v2.20.6
\thm@style=\toks29
\thm@bodyfont=\toks30
\thm@headfont=\toks31
\thm@notefont=\toks32
\thm@headpunct=\toks33
\thm@preskip=\skip58
\thm@postskip=\skip59
\thm@headsep=\skip60
\dth@everypar=\toks34
)
(c:/texlive/2023/texmf-dist/tex/latex/jknapltx/mathrsfs.sty
Package: mathrsfs 1996/01/01 Math RSFS package v1.0 (jk)
\symrsfs=\mathgroup6
)
(c:/texlive/2023/texmf-dist/tex/latex/enumitem/enumitem.sty
Package: enumitem 2019/06/20 v3.9 Customized lists
\labelindent=\skip61
\enit@outerparindent=\dimen166
\enit@toks=\toks35
\enit@inbox=\box69
\enit@count@id=\count295
\enitdp@description=\count296
)
(c:/texlive/2023/texmf-dist/tex/latex/base/fontenc.sty
Package: fontenc 2021/04/29 v2.0v Standard LaTeX package
)
(c:/texlive/2023/texmf-dist/tex/latex/xfrac/xfrac.sty
(c:/texlive/2023/texmf-dist/tex/latex/graphics/graphicx.sty
Package: graphicx 2021/09/16 v1.2d Enhanced LaTeX Graphics (DPC,SPQR)

(c:/texlive/2023/texmf-dist/tex/latex/graphics/graphics.sty
Package: graphics 2022/03/10 v1.4e Standard LaTeX Graphics (DPC,SPQR)

(c:/texlive/2023/texmf-dist/tex/latex/graphics/trig.sty
Package: trig 2021/08/11 v1.11 sin cos tan (DPC)
)
(c:/texlive/2023/texmf-dist/tex/latex/graphics-cfg/graphics.cfg
File: graphics.cfg 2016/06/04 v1.11 sample graphics configuration
)
Package graphics Info: Driver file: pdftex.def on input line 107.

(c:/texlive/2023/texmf-dist/tex/latex/graphics-def/pdftex.def
File: pdftex.def 2022/09/22 v1.2b Graphics/color driver for pdftex
))
\Gin@req@height=\dimen167
\Gin@req@width=\dimen168
)
Package: xfrac 2024-02-13 Split-level fractions

(c:/texlive/2023/texmf-dist/tex/latex/l3packages/xtemplate/xtemplate.sty
(c:/texlive/2023/texmf-dist/tex/latex/l3packages/xtemplate/xtemplate-2023-10-10
.sty (c:/texlive/2023/texmf-dist/tex/latex/l3kernel/expl3.sty
Package: expl3 2024-02-20 L3 programming layer (loader) 

(c:/texlive/2023/texmf-dist/tex/latex/l3backend/l3backend-pdftex.def
File: l3backend-pdftex.def 2024-02-20 L3 backend support: PDF output (pdfTeX)
\l__color_backend_stack_int=\count297
\l__pdf_internal_box=\box70
))
Package: xtemplate 2023-10-10 L3 Experimental prototype document functions
\l__xtemplate_tmp_dim=\dimen169
\l__xtemplate_tmp_int=\count298
\l__xtemplate_tmp_muskip=\muskip18
\l__xtemplate_tmp_skip=\skip62
))
\l__xfrac_slash_box=\box71
\l__xfrac_tmp_box=\box72
\l__xfrac_denominator_bot_sep_dim=\dimen170
\l__xfrac_numerator_bot_sep_dim=\dimen171
\l__xfrac_numerator_top_sep_dim=\dimen172
\l__xfrac_slash_left_sep_dim=\dimen173
\l__xfrac_slash_right_sep_dim=\dimen174
\l__xfrac_slash_left_muskip=\muskip19
\l__xfrac_slash_right_muskip=\muskip20

Package xtemplate Info: Declaring object type 'xfrac' taking 3 argument(s) on
(xtemplate)             line 98.

)
(c:/texlive/2023/texmf-dist/tex/latex/lm/lmodern.sty
Package: lmodern 2015/05/01 v1.6.1 Latin Modern Fonts
LaTeX Font Info:    Overwriting symbol font `operators' in version `normal'
(Font)                  OT1/cmr/m/n --> OT1/lmr/m/n on input line 22.
LaTeX Font Info:    Overwriting symbol font `letters' in version `normal'
(Font)                  OML/cmm/m/it --> OML/lmm/m/it on input line 23.
LaTeX Font Info:    Overwriting symbol font `symbols' in version `normal'
(Font)                  OMS/cmsy/m/n --> OMS/lmsy/m/n on input line 24.
LaTeX Font Info:    Overwriting symbol font `largesymbols' in version `normal'
(Font)                  OMX/cmex/m/n --> OMX/lmex/m/n on input line 25.
LaTeX Font Info:    Overwriting symbol font `operators' in version `bold'
(Font)                  OT1/cmr/bx/n --> OT1/lmr/bx/n on input line 26.
LaTeX Font Info:    Overwriting symbol font `letters' in version `bold'
(Font)                  OML/cmm/b/it --> OML/lmm/b/it on input line 27.
LaTeX Font Info:    Overwriting symbol font `symbols' in version `bold'
(Font)                  OMS/cmsy/b/n --> OMS/lmsy/b/n on input line 28.
LaTeX Font Info:    Overwriting symbol font `largesymbols' in version `bold'
(Font)                  OMX/cmex/m/n --> OMX/lmex/m/n on input line 29.
LaTeX Font Info:    Overwriting math alphabet `\mathbf' in version `normal'
(Font)                  OT1/cmr/bx/n --> OT1/lmr/bx/n on input line 31.
LaTeX Font Info:    Overwriting math alphabet `\mathsf' in version `normal'
(Font)                  OT1/cmss/m/n --> OT1/lmss/m/n on input line 32.
LaTeX Font Info:    Overwriting math alphabet `\mathit' in version `normal'
(Font)                  OT1/cmr/m/it --> OT1/lmr/m/it on input line 33.
LaTeX Font Info:    Overwriting math alphabet `\mathtt' in version `normal'
(Font)                  OT1/cmtt/m/n --> OT1/lmtt/m/n on input line 34.
LaTeX Font Info:    Overwriting math alphabet `\mathbf' in version `bold'
(Font)                  OT1/cmr/bx/n --> OT1/lmr/bx/n on input line 35.
LaTeX Font Info:    Overwriting math alphabet `\mathsf' in version `bold'
(Font)                  OT1/cmss/bx/n --> OT1/lmss/bx/n on input line 36.
LaTeX Font Info:    Overwriting math alphabet `\mathit' in version `bold'
(Font)                  OT1/cmr/bx/it --> OT1/lmr/bx/it on input line 37.
LaTeX Font Info:    Overwriting math alphabet `\mathtt' in version `bold'
(Font)                  OT1/cmtt/m/n --> OT1/lmtt/m/n on input line 38.
)
(c:/texlive/2023/texmf-dist/tex/latex/geometry/geometry.sty
Package: geometry 2020/01/02 v5.9 Page Geometry

(c:/texlive/2023/texmf-dist/tex/generic/iftex/ifvtex.sty
Package: ifvtex 2019/10/25 v1.7 ifvtex legacy package. Use iftex instead.

(c:/texlive/2023/texmf-dist/tex/generic/iftex/iftex.sty
Package: iftex 2022/02/03 v1.0f TeX engine tests
))
\Gm@cnth=\count299
\Gm@cntv=\count300
\c@Gm@tempcnt=\count301
\Gm@bindingoffset=\dimen175
\Gm@wd@mp=\dimen176
\Gm@odd@mp=\dimen177
\Gm@even@mp=\dimen178
\Gm@layoutwidth=\dimen179
\Gm@layoutheight=\dimen180
\Gm@layouthoffset=\dimen181
\Gm@layoutvoffset=\dimen182
\Gm@dimlist=\toks36
)
(c:/texlive/2023/texmf-dist/tex/latex/hyperref/hyperref.sty
Package: hyperref 2024-01-20 v7.01h Hypertext links for LaTeX

(c:/texlive/2023/texmf-dist/tex/latex/kvsetkeys/kvsetkeys.sty
Package: kvsetkeys 2022-10-05 v1.19 Key value parser (HO)
)
(c:/texlive/2023/texmf-dist/tex/generic/kvdefinekeys/kvdefinekeys.sty
Package: kvdefinekeys 2019-12-19 v1.6 Define keys (HO)
)
(c:/texlive/2023/texmf-dist/tex/generic/pdfescape/pdfescape.sty
Package: pdfescape 2019/12/09 v1.15 Implements pdfTeX's escape features (HO)

(c:/texlive/2023/texmf-dist/tex/generic/ltxcmds/ltxcmds.sty
Package: ltxcmds 2023-12-04 v1.26 LaTeX kernel commands for general use (HO)
)
(c:/texlive/2023/texmf-dist/tex/generic/pdftexcmds/pdftexcmds.sty
Package: pdftexcmds 2020-06-27 v0.33 Utility functions of pdfTeX for LuaTeX (HO
)

(c:/texlive/2023/texmf-dist/tex/generic/infwarerr/infwarerr.sty
Package: infwarerr 2019/12/03 v1.5 Providing info/warning/error messages (HO)
)
Package pdftexcmds Info: \pdf@primitive is available.
Package pdftexcmds Info: \pdf@ifprimitive is available.
Package pdftexcmds Info: \pdfdraftmode found.
))
(c:/texlive/2023/texmf-dist/tex/latex/hycolor/hycolor.sty
Package: hycolor 2020-01-27 v1.10 Color options for hyperref/bookmark (HO)
)
(c:/texlive/2023/texmf-dist/tex/latex/auxhook/auxhook.sty
Package: auxhook 2019-12-17 v1.6 Hooks for auxiliary files (HO)
)
(c:/texlive/2023/texmf-dist/tex/latex/hyperref/nameref.sty
Package: nameref 2023-11-26 v2.56 Cross-referencing by name of section

(c:/texlive/2023/texmf-dist/tex/latex/refcount/refcount.sty
Package: refcount 2019/12/15 v3.6 Data extraction from label references (HO)
)
(c:/texlive/2023/texmf-dist/tex/generic/gettitlestring/gettitlestring.sty
Package: gettitlestring 2019/12/15 v1.6 Cleanup title references (HO)

(c:/texlive/2023/texmf-dist/tex/latex/kvoptions/kvoptions.sty
Package: kvoptions 2022-06-15 v3.15 Key value format for package options (HO)
))

Package nameref Warning: The definition of \label has changed! 
(nameref)                Check your packages! 
(nameref)                Replacing it with the kernel definition on input line 
149.

\c@section@level=\count302
)
\@linkdim=\dimen183
\Hy@linkcounter=\count303
\Hy@pagecounter=\count304
 (c:/texlive/2023/texmf-dist/tex/latex/hyperref/pd1enc.def
File: pd1enc.def 2024-01-20 v7.01h Hyperref: PDFDocEncoding definition (HO)
Now handling font encoding PD1 ...
... no UTF-8 mapping file for font encoding PD1
)
(c:/texlive/2023/texmf-dist/tex/generic/intcalc/intcalc.sty
Package: intcalc 2019/12/15 v1.3 Expandable calculations with integers (HO)
)
\Hy@SavedSpaceFactor=\count305

(c:/texlive/2023/texmf-dist/tex/latex/hyperref/puenc.def
File: puenc.def 2024-01-20 v7.01h Hyperref: PDF Unicode definition (HO)
Now handling font encoding PU ...
... no UTF-8 mapping file for font encoding PU
)
Package hyperref Info: Hyper figures OFF on input line 4179.
Package hyperref Info: Link nesting OFF on input line 4184.
Package hyperref Info: Hyper index ON on input line 4187.
Package hyperref Info: Plain pages OFF on input line 4194.
Package hyperref Info: Backreferencing OFF on input line 4199.
Package hyperref Info: Implicit mode ON; LaTeX internals redefined.
Package hyperref Info: Bookmarks ON on input line 4446.
LaTeX Info: Redefining \href on input line 4695.
\c@Hy@tempcnt=\count306
LaTeX Info: Redefining \url on input line 4784.
\XeTeXLinkMargin=\dimen184

(c:/texlive/2023/texmf-dist/tex/generic/bitset/bitset.sty
Package: bitset 2019/12/09 v1.3 Handle bit-vector datatype (HO)

(c:/texlive/2023/texmf-dist/tex/generic/bigintcalc/bigintcalc.sty
Package: bigintcalc 2019/12/15 v1.5 Expandable calculations on big integers (HO
)
))
\Fld@menulength=\count307
\Field@Width=\dimen185
\Fld@charsize=\dimen186
Package hyperref Info: Hyper figures OFF on input line 6063.
Package hyperref Info: Link nesting OFF on input line 6068.
Package hyperref Info: Hyper index ON on input line 6071.
Package hyperref Info: backreferencing OFF on input line 6078.
Package hyperref Info: Link coloring OFF on input line 6083.
Package hyperref Info: Link coloring with OCG OFF on input line 6088.
Package hyperref Info: PDF/A mode OFF on input line 6093.

(c:/texlive/2023/texmf-dist/tex/latex/base/atbegshi-ltx.sty
Package: atbegshi-ltx 2021/01/10 v1.0c Emulation of the original atbegshi
package with kernel methods
)
\Hy@abspage=\count308
\c@Item=\count309
\c@Hfootnote=\count310
)
Package hyperref Info: Driver (autodetected): hpdftex.

(c:/texlive/2023/texmf-dist/tex/latex/hyperref/hpdftex.def
File: hpdftex.def 2024-01-20 v7.01h Hyperref driver for pdfTeX

(c:/texlive/2023/texmf-dist/tex/latex/base/atveryend-ltx.sty
Package: atveryend-ltx 2020/08/19 v1.0a Emulation of the original atveryend pac
kage
with kernel methods
)
\Fld@listcount=\count311
\c@bookmark@seq@number=\count312

(c:/texlive/2023/texmf-dist/tex/latex/rerunfilecheck/rerunfilecheck.sty
Package: rerunfilecheck 2022-07-10 v1.10 Rerun checks for auxiliary files (HO)

(c:/texlive/2023/texmf-dist/tex/generic/uniquecounter/uniquecounter.sty
Package: uniquecounter 2019/12/15 v1.4 Provide unlimited unique counter (HO)
)
Package uniquecounter Info: New unique counter `rerunfilecheck' on input line 2
85.
)
\Hy@SectionHShift=\skip63
)
(c:/texlive/2023/texmf-dist/tex/latex/jknapltx/mathbbol.sty
Package: mathbbol 1995/01/01
\symbbold=\mathgroup7
)
\c@definition=\count313
Class revtex4-2 Info: Unrecognized LaTeX tabular. Please update this document c
lass! (Proceeding with fingers crossed.) on input line 20.
Class revtex4-2 Info: cite was not loaded (OK!) on input line 20.
Class revtex4-2 Info: mcite was not loaded (OK!) on input line 20.
Class revtex4-2 Info: multicol was not loaded (OK!) on input line 20.
LaTeX Font Info:    Trying to load font information for T1+lmr on input line 20
.

(c:/texlive/2023/texmf-dist/tex/latex/lm/t1lmr.fd
File: t1lmr.fd 2015/05/01 v1.6.1 Font defs for Latin Modern
) (./final_report.aux)
\openout1 = `final_report.aux'.

LaTeX Font Info:    Checking defaults for OML/cmm/m/it on input line 20.
LaTeX Font Info:    ... okay on input line 20.
LaTeX Font Info:    Checking defaults for OMS/cmsy/m/n on input line 20.
LaTeX Font Info:    ... okay on input line 20.
LaTeX Font Info:    Checking defaults for OT1/cmr/m/n on input line 20.
LaTeX Font Info:    ... okay on input line 20.
LaTeX Font Info:    Checking defaults for T1/cmr/m/n on input line 20.
LaTeX Font Info:    ... okay on input line 20.
LaTeX Font Info:    Checking defaults for TS1/cmr/m/n on input line 20.
LaTeX Font Info:    ... okay on input line 20.
LaTeX Font Info:    Checking defaults for OMX/cmex/m/n on input line 20.
LaTeX Font Info:    ... okay on input line 20.
LaTeX Font Info:    Checking defaults for U/cmr/m/n on input line 20.
LaTeX Font Info:    ... okay on input line 20.
LaTeX Font Info:    Checking defaults for PD1/pdf/m/n on input line 20.
LaTeX Font Info:    ... okay on input line 20.
LaTeX Font Info:    Checking defaults for PU/pdf/m/n on input line 20.
LaTeX Font Info:    ... okay on input line 20.
LaTeX Info: Redefining \microtypecontext on input line 20.
Package microtype Info: Applying patch `item' on input line 20.
Package microtype Info: Applying patch `toc' on input line 20.
Package microtype Info: Applying patch `eqnum' on input line 20.
Package microtype Info: Applying patch `footnote' on input line 20.
Package microtype Info: Applying patch `verbatim' on input line 20.
Package microtype Info: Generating PDF output.
Package microtype Info: Character protrusion enabled (level 2).
Package microtype Info: Using default protrusion set `alltext'.
Package microtype Info: Automatic font expansion enabled (level 2),
(microtype)             stretch: 20, shrink: 20, step: 1, non-selected.
Package microtype Info: Using default expansion set `alltext-nott'.
LaTeX Info: Redefining \showhyphens on input line 20.
Package microtype Info: No adjustment of tracking.
Package microtype Info: No adjustment of interword spacing.
Package microtype Info: No adjustment of character kerning.

(c:/texlive/2023/texmf-dist/tex/latex/microtype/mt-cmr.cfg
File: mt-cmr.cfg 2013/05/19 v2.2 microtype config. file: Computer Modern Roman 
(RS)
)
(c:/texlive/2023/texmf-dist/tex/context/base/mkii/supp-pdf.mkii
[Loading MPS to PDF converter (version 2006.09.02).]
\scratchcounter=\count314
\scratchdimen=\dimen187
\scratchbox=\box73
\nofMPsegments=\count315
\nofMParguments=\count316
\everyMPshowfont=\toks37
\MPscratchCnt=\count317
\MPscratchDim=\dimen188
\MPnumerator=\count318
\makeMPintoPDFobject=\count319
\everyMPtoPDFconversion=\toks38
) (c:/texlive/2023/texmf-dist/tex/latex/epstopdf-pkg/epstopdf-base.sty
Package: epstopdf-base 2020-01-24 v2.11 Base part for package epstopdf
Package epstopdf-base Info: Redefining graphics rule for `.eps' on input line 4
85.

(c:/texlive/2023/texmf-dist/tex/latex/latexconfig/epstopdf-sys.cfg
File: epstopdf-sys.cfg 2010/07/13 v1.3 Configuration of (r)epstopdf for TeX Liv
e
))
*geometry* driver: auto-detecting
*geometry* detected driver: pdftex
*geometry* verbose mode - [ preamble ] result:
* driver: pdftex
* paper: a4paper
* layout: <same size as paper>
* layoutoffset:(h,v)=(0.0pt,0.0pt)
* modes: 
* h-part:(L,W,R)=(89.62709pt, 418.25368pt, 89.6271pt)
* v-part:(T,H,B)=(101.40665pt, 591.5302pt, 152.11pt)
* \paperwidth=597.50787pt
* \paperheight=845.04684pt
* \textwidth=418.25368pt
* \textheight=591.5302pt
* \oddsidemargin=17.3571pt
* \evensidemargin=17.3571pt
* \topmargin=-7.86334pt
* \headheight=12.0pt
* \headsep=25.0pt
* \topskip=10.0pt
* \footskip=30.0pt
* \marginparwidth=44.0pt
* \marginparsep=10.0pt
* \columnsep=10.0pt
* \skip\footins=25.25pt plus 4.0pt minus 12.0pt
* \hoffset=0.0pt
* \voffset=0.0pt
* \mag=1000
* \@twocolumnfalse
* \@twosidefalse
* \@mparswitchfalse
* \@reversemarginfalse
* (1in=72.27pt=25.4mm, 1cm=28.453pt)

Package hyperref Info: Link coloring OFF on input line 20.
(./final_report.out) (./final_report.out)
\@outlinefile=\write4
\openout4 = `final_report.out'.

Class revtex4-2 Info: Taking \maketitle back from hyperref on input line 20.
\openout3 = `final_reportNotes.bib'.



Class revtex4-2 Warning: Assuming \noaffiliation for authors.

LaTeX Font Info:    Trying to load font information for OT1+lmr on input line 3
1.
(c:/texlive/2023/texmf-dist/tex/latex/lm/ot1lmr.fd
File: ot1lmr.fd 2015/05/01 v1.6.1 Font defs for Latin Modern
)
LaTeX Font Info:    Trying to load font information for OML+lmm on input line 3
1.

(c:/texlive/2023/texmf-dist/tex/latex/lm/omllmm.fd
File: omllmm.fd 2015/05/01 v1.6.1 Font defs for Latin Modern
)
LaTeX Font Info:    Trying to load font information for OMS+lmsy on input line 
31.

(c:/texlive/2023/texmf-dist/tex/latex/lm/omslmsy.fd
File: omslmsy.fd 2015/05/01 v1.6.1 Font defs for Latin Modern
)
LaTeX Font Info:    Trying to load font information for OMX+lmex on input line 
31.

(c:/texlive/2023/texmf-dist/tex/latex/lm/omxlmex.fd
File: omxlmex.fd 2015/05/01 v1.6.1 Font defs for Latin Modern
)
LaTeX Font Info:    External font `lmex10' loaded for size
(Font)              <12> on input line 31.
LaTeX Font Info:    External font `lmex10' loaded for size
(Font)              <8> on input line 31.
LaTeX Font Info:    External font `lmex10' loaded for size
(Font)              <6> on input line 31.
LaTeX Font Info:    Trying to load font information for U+msa on input line 31.


(c:/texlive/2023/texmf-dist/tex/latex/amsfonts/umsa.fd
File: umsa.fd 2013/01/14 v3.01 AMS symbols A
)
(c:/texlive/2023/texmf-dist/tex/latex/microtype/mt-msa.cfg
File: mt-msa.cfg 2006/02/04 v1.1 microtype config. file: AMS symbols (a) (RS)
)
LaTeX Font Info:    Trying to load font information for U+msb on input line 31.


(c:/texlive/2023/texmf-dist/tex/latex/amsfonts/umsb.fd
File: umsb.fd 2013/01/14 v3.01 AMS symbols B
)
(c:/texlive/2023/texmf-dist/tex/latex/microtype/mt-msb.cfg
File: mt-msb.cfg 2005/06/01 v1.0 microtype config. file: AMS symbols (b) (RS)
)
LaTeX Font Info:    Trying to load font information for U+rsfs on input line 31
.

(c:/texlive/2023/texmf-dist/tex/latex/jknapltx/ursfs.fd
File: ursfs.fd 1998/03/24 rsfs font definition file (jk)
)
LaTeX Font Info:    Trying to load font information for U+bbold on input line 3
1.

(c:/texlive/2023/texmf-dist/tex/latex/bbold/Ubbold.fd)
LaTeX Font Info:    External font `lmex10' loaded for size
(Font)              <5> on input line 31.
LaTeX Font Info:    External font `lmex10' loaded for size
(Font)              <10> on input line 31.
LaTeX Font Info:    External font `lmex10' loaded for size
(Font)              <7> on input line 31.
 [1{c:/texlive/2023/texmf-var/fonts/map/pdftex/updmap/pdftex.map}{c:/texlive/20
23/texmf-dist/fonts/enc/dvips/lm/lm-ec.enc}{c:/texlive/2023/texmf-dist/fonts/en
c/dvips/lm/lm-mathsy.enc}] (./final_report.toc)
\tf@toc=\write5
\openout5 = `final_report.toc'.

 [2] [3]
LaTeX Font Info:    Calculating math sizes for size <8.4> on input line 64.
LaTeX Font Info:    External font `lmex10' loaded for size
(Font)              <8.4> on input line 64.
LaTeX Font Info:    External font `lmex10' loaded for size
(Font)              <5.87996> on input line 64.
LaTeX Font Info:    External font `lmex10' loaded for size
(Font)              <4.2> on input line 64.


LaTeX Font Warning: Font shape `U/rsfs/m/n' in size <4.2> not available
(Font)              size <5> substituted on input line 64.


LaTeX Font Warning: Font shape `U/bbold/m/n' in size <4.2> not available
(Font)              size <5> substituted on input line 64.

[4]
LaTeX Font Info:    Trying to load font information for TS1+lmr on input line 7
8.
 (c:/texlive/2023/texmf-dist/tex/latex/lm/ts1lmr.fd
File: ts1lmr.fd 2015/05/01 v1.6.1 Font defs for Latin Modern
) [5{c:/texlive/2023/texmf-dist/fonts/enc/dvips/lm/lm-mathit.enc}{c:/texlive/20
23/texmf-dist/fonts/enc/dvips/lm/lm-rm.enc}{c:/texlive/2023/texmf-dist/fonts/en
c/dvips/lm/lm-ts1.enc}]
[6] [7]
<pictures/match-count-year-dist.pdf, id=177, 1156.32pt x 361.35pt>
File: pictures/match-count-year-dist.pdf Graphic file (type pdf)
<use pictures/match-count-year-dist.pdf>
Package pdftex.def Info: pictures/match-count-year-dist.pdf  used on input line
 152.
(pdftex.def)             Requested size: 418.25368pt x 130.70343pt.
<pictures/elo-rates-dist.pdf, id=182, 1156.32pt x 361.35pt>
File: pictures/elo-rates-dist.pdf Graphic file (type pdf)
<use pictures/elo-rates-dist.pdf>
Package pdftex.def Info: pictures/elo-rates-dist.pdf  used on input line 160.
(pdftex.def)             Requested size: 418.25368pt x 130.70343pt.
<pictures/top-25-elo-rates.pdf, id=183, 1156.32pt x 361.35pt>
File: pictures/top-25-elo-rates.pdf Graphic file (type pdf)
<use pictures/top-25-elo-rates.pdf>
Package pdftex.def Info: pictures/top-25-elo-rates.pdf  used on input line 167.

(pdftex.def)             Requested size: 418.25368pt x 130.70343pt.
LaTeX Font Info:    External font `lmex10' loaded for size
(Font)              <10.95> on input line 168.
<pictures/bottom-25-elo-rates.pdf, id=185, 1156.32pt x 361.35pt>
File: pictures/bottom-25-elo-rates.pdf Graphic file (type pdf)
<use pictures/bottom-25-elo-rates.pdf>
Package pdftex.def Info: pictures/bottom-25-elo-rates.pdf  used on input line 1
75.
(pdftex.def)             Requested size: 418.25368pt x 130.70343pt.
 [8]

LaTeX Warning: `h' float specifier changed to `ht'.


LaTeX Warning: `h' float specifier changed to `ht'.


LaTeX Warning: `h' float specifier changed to `ht'.

<pictures/ps-odds-dist.pdf, id=197, 1156.32pt x 361.35pt>
File: pictures/ps-odds-dist.pdf Graphic file (type pdf)
<use pictures/ps-odds-dist.pdf>
Package pdftex.def Info: pictures/ps-odds-dist.pdf  used on input line 184.
(pdftex.def)             Requested size: 418.25368pt x 130.70343pt.
<pictures/b365-odds-dist.pdf, id=198, 1156.32pt x 361.35pt>
File: pictures/b365-odds-dist.pdf Graphic file (type pdf)
<use pictures/b365-odds-dist.pdf>
Package pdftex.def Info: pictures/b365-odds-dist.pdf  used on input line 191.
(pdftex.def)             Requested size: 418.25368pt x 130.70343pt.
<pictures/atp-point-dist.pdf, id=199, 1156.32pt x 361.35pt>
File: pictures/atp-point-dist.pdf Graphic file (type pdf)
<use pictures/atp-point-dist.pdf>
Package pdftex.def Info: pictures/atp-point-dist.pdf  used on input line 198.
(pdftex.def)             Requested size: 418.25368pt x 130.70343pt.
<pictures/match-count-field-type-dist.pdf, id=200, 1156.32pt x 361.35pt>
File: pictures/match-count-field-type-dist.pdf Graphic file (type pdf)
<use pictures/match-count-field-type-dist.pdf>
Package pdftex.def Info: pictures/match-count-field-type-dist.pdf  used on inpu
t line 205.
(pdftex.def)             Requested size: 418.25368pt x 130.70343pt.
<pictures/top-10-elo-rates-indoor-carpet.pdf, id=201, 1156.32pt x 361.35pt>
File: pictures/top-10-elo-rates-indoor-carpet.pdf Graphic file (type pdf)
<use pictures/top-10-elo-rates-indoor-carpet.pdf>
Package pdftex.def Info: pictures/top-10-elo-rates-indoor-carpet.pdf  used on i
nput line 212.
(pdftex.def)             Requested size: 418.25368pt x 130.70343pt.
<pictures/top-10-elo-rates-indoor-clay.pdf, id=202, 1156.32pt x 361.35pt>
File: pictures/top-10-elo-rates-indoor-clay.pdf Graphic file (type pdf)
<use pictures/top-10-elo-rates-indoor-clay.pdf>
Package pdftex.def Info: pictures/top-10-elo-rates-indoor-clay.pdf  used on inp
ut line 219.
(pdftex.def)             Requested size: 418.25368pt x 130.70343pt.
<pictures/top-10-elo-rates-indoor-hard.pdf, id=203, 1156.32pt x 361.35pt>
File: pictures/top-10-elo-rates-indoor-hard.pdf Graphic file (type pdf)
<use pictures/top-10-elo-rates-indoor-hard.pdf>
Package pdftex.def Info: pictures/top-10-elo-rates-indoor-hard.pdf  used on inp
ut line 226.
(pdftex.def)             Requested size: 418.25368pt x 130.70343pt.
<pictures/top-10-elo-rates-outdoor-clay.pdf, id=204, 1156.32pt x 361.35pt>
File: pictures/top-10-elo-rates-outdoor-clay.pdf Graphic file (type pdf)
<use pictures/top-10-elo-rates-outdoor-clay.pdf>
Package pdftex.def Info: pictures/top-10-elo-rates-outdoor-clay.pdf  used on in
put line 233.
(pdftex.def)             Requested size: 418.25368pt x 130.70343pt.
<pictures/top-10-elo-rates-outdoor-grass.pdf, id=205, 1156.32pt x 361.35pt>
File: pictures/top-10-elo-rates-outdoor-grass.pdf Graphic file (type pdf)
<use pictures/top-10-elo-rates-outdoor-grass.pdf>
Package pdftex.def Info: pictures/top-10-elo-rates-outdoor-grass.pdf  used on i
nput line 240.
(pdftex.def)             Requested size: 418.25368pt x 130.70343pt.
<pictures/top-10-elo-rates-outdoor-hard.pdf, id=206, 1156.32pt x 361.35pt>
File: pictures/top-10-elo-rates-outdoor-hard.pdf Graphic file (type pdf)
<use pictures/top-10-elo-rates-outdoor-hard.pdf>
Package pdftex.def Info: pictures/top-10-elo-rates-outdoor-hard.pdf  used on in
put line 247.
(pdftex.def)             Requested size: 418.25368pt x 130.70343pt.
[9 <./pictures/match-count-year-dist.pdf>]

LaTeX Warning: `h' float specifier changed to `ht'.


LaTeX Warning: `h' float specifier changed to `ht'.


LaTeX Warning: `h' float specifier changed to `ht'.


LaTeX Warning: `h' float specifier changed to `ht'.


LaTeX Warning: `h' float specifier changed to `ht'.


LaTeX Warning: `h' float specifier changed to `ht'.


LaTeX Warning: `h' float specifier changed to `ht'.


LaTeX Warning: `h' float specifier changed to `ht'.


LaTeX Warning: `h' float specifier changed to `ht'.


LaTeX Warning: `h' float specifier changed to `ht'.

<pictures/top-40-players-match-wins.png, id=251, 455.301pt x 238.1625pt>
File: pictures/top-40-players-match-wins.png Graphic file (type png)
<use pictures/top-40-players-match-wins.png>
Package pdftex.def Info: pictures/top-40-players-match-wins.png  used on input 
line 256.
(pdftex.def)             Requested size: 418.25368pt x 218.79236pt.
<pictures/top-40-players-tournament-wins.png, id=253, 857.8449pt x 406.1574pt>
File: pictures/top-40-players-tournament-wins.png Graphic file (type png)
<use pictures/top-40-players-tournament-wins.png>
Package pdftex.def Info: pictures/top-40-players-tournament-wins.png  used on i
nput line 263.
(pdftex.def)             Requested size: 418.25368pt x 198.03346pt.

LaTeX Warning: `h' float specifier changed to `ht'.


LaTeX Warning: `h' float specifier changed to `ht'.

<pictures/elo-rate-field-type-dist.pdf, id=256, 1156.32pt x 361.35pt>
File: pictures/elo-rate-field-type-dist.pdf Graphic file (type pdf)
<use pictures/elo-rate-field-type-dist.pdf>
Package pdftex.def Info: pictures/elo-rate-field-type-dist.pdf  used on input l
ine 272.
(pdftex.def)             Requested size: 418.25368pt x 130.70343pt.
[10 <./pictures/elo-rates-dist.pdf> <./pictures/top-25-elo-rates.pdf>]

LaTeX Warning: `h' float specifier changed to `ht'.

[11 <./pictures/bottom-25-elo-rates.pdf> <./pictures/ps-odds-dist.pdf>]
[12 <./pictures/b365-odds-dist.pdf> <./pictures/atp-point-dist.pdf>] [13 <./pic
tures/match-count-field-type-dist.pdf> <./pictures/top-10-elo-rates-indoor-carp
et.pdf>]

LaTeX Warning: `h' float specifier changed to `ht'.


LaTeX Warning: `h' float specifier changed to `ht'.


LaTeX Warning: `h' float specifier changed to `ht'.


LaTeX Warning: `h' float specifier changed to `ht'.

[14 <./pictures/top-10-elo-rates-indoor-clay.pdf> <./pictures/top-10-elo-rates-
indoor-hard.pdf>] [15 <./pictures/top-10-elo-rates-outdoor-clay.pdf> <./picture
s/top-10-elo-rates-outdoor-grass.pdf>] [16 <./pictures/top-10-elo-rates-outdoor
-hard.pdf> <./pictures/top-40-players-match-wins.png>] [17 <./pictures/top-40-p
layers-tournament-wins.png> <./pictures/elo-rate-field-type-dist.pdf>] [18]
[19] [20] [21]

LaTeX Warning: `h' float specifier changed to `ht'.

[22] [23]
Overfull \hbox (62.25604pt too wide) in paragraph at lines 567--586
 []$[]$ 
 []


LaTeX Warning: `h' float specifier changed to `ht'.

[24] [25] [26] [27] [28] [29] [30]
<pictures/nn-history.pdf, id=962, 1156.32pt x 361.35pt>
File: pictures/nn-history.pdf Graphic file (type pdf)
<use pictures/nn-history.pdf>
Package pdftex.def Info: pictures/nn-history.pdf  used on input line 734.
(pdftex.def)             Requested size: 418.25368pt x 130.70343pt.


LaTeX Warning: `h' float specifier changed to `ht'.

[31 <./pictures/nn-history.pdf>]
<pictures/dataframes-patrick.png, id=1005, 548.595pt x 451.578pt>
File: pictures/dataframes-patrick.png Graphic file (type png)
<use pictures/dataframes-patrick.png>
Package pdftex.def Info: pictures/dataframes-patrick.png  used on input line 78
2.
(pdftex.def)             Requested size: 418.25368pt x 344.30531pt.


LaTeX Warning: `h' float specifier changed to `ht'.

<pictures/most-important-ada.png, id=1011, 858.5676pt x 373.6359pt>
File: pictures/most-important-ada.png Graphic file (type png)
<use pictures/most-important-ada.png>
Package pdftex.def Info: pictures/most-important-ada.png  used on input line 79
2.
(pdftex.def)             Requested size: 418.25368pt x 182.01706pt.

LaTeX Warning: `h' float specifier changed to `ht'.

<pictures/most-important-gb.png, id=1012, 858.5676pt x 373.6359pt>
File: pictures/most-important-gb.png Graphic file (type png)
<use pictures/most-important-gb.png>
Package pdftex.def Info: pictures/most-important-gb.png  used on input line 801
.
(pdftex.def)             Requested size: 418.25368pt x 182.01706pt.

LaTeX Warning: `h' float specifier changed to `ht'.

<pictures/most-important-rf.png, id=1013, 784.1295pt x 373.6359pt>
File: pictures/most-important-rf.png Graphic file (type png)
<use pictures/most-important-rf.png>
Package pdftex.def Info: pictures/most-important-rf.png  used on input line 809
.
(pdftex.def)             Requested size: 418.25368pt x 199.29744pt.
<pictures/most-important-dt.png, id=1014, 858.5676pt x 372.9132pt>
File: pictures/most-important-dt.png Graphic file (type png)
<use pictures/most-important-dt.png>
Package pdftex.def Info: pictures/most-important-dt.png  used on input line 817
.
(pdftex.def)             Requested size: 418.25368pt x 181.665pt.

LaTeX Warning: `h' float specifier changed to `ht'.

[32]

LaTeX Warning: `h' float specifier changed to `ht'.

[33 <./pictures/dataframes-patrick.png>]

LaTeX Warning: `h' float specifier changed to `ht'.

[34 <./pictures/most-important-ada.png> <./pictures/most-important-gb.png>]
<pictures/accuracy-score-models.png, id=1038, 611.4042pt x 375.0813pt>
File: pictures/accuracy-score-models.png Graphic file (type png)
<use pictures/accuracy-score-models.png>
Package pdftex.def Info: pictures/accuracy-score-models.png  used on input line
 851.
(pdftex.def)             Requested size: 418.25368pt x 256.59718pt.


LaTeX Warning: `h' float specifier changed to `ht'.

<pictures/confusion-matrix.png, id=1040, 336.822pt x 144.978pt>
File: pictures/confusion-matrix.png Graphic file (type png)
<use pictures/confusion-matrix.png>
Package pdftex.def Info: pictures/confusion-matrix.png  used on input line 860.

(pdftex.def)             Requested size: 418.25368pt x 180.03188pt.
[35 <./pictures/most-important-rf.png> <./pictures/most-important-dt.png>]

LaTeX Warning: `h' float specifier changed to `ht'.

<pictures/nn-model.png, id=1049, 407.121pt x 318.864pt>
File: pictures/nn-model.png Graphic file (type png)
<use pictures/nn-model.png>
Package pdftex.def Info: pictures/nn-model.png  used on input line 869.
(pdftex.def)             Requested size: 418.25368pt x 327.6016pt.

LaTeX Warning: `h' float specifier changed to `ht'.

<pictures/confusion-matrix-nn.png, id=1050, 318.43968pt x 187.45032pt>
File: pictures/confusion-matrix-nn.png Graphic file (type png)
<use pictures/confusion-matrix-nn.png>
Package pdftex.def Info: pictures/confusion-matrix-nn.png  used on input line 8
77.
(pdftex.def)             Requested size: 418.25368pt x 246.20525pt.

LaTeX Warning: `h' float specifier changed to `ht'.

<pictures/betting.png, id=1052, 629.4717pt x 436.5108pt>
File: pictures/betting.png Graphic file (type png)
<use pictures/betting.png>
Package pdftex.def Info: pictures/betting.png  used on input line 888.
(pdftex.def)             Requested size: 418.25368pt x 290.03624pt.

LaTeX Warning: `h' float specifier changed to `ht'.

[36] [37 <./pictures/accuracy-score-models.png>]
No file final_report.bbl.
[38 <./pictures/confusion-matrix.png>] [39 <./pictures/nn-model.png>] [40 <./pi
ctures/confusion-matrix-nn.png>] [41 <./pictures/betting.png>]
(./final_report.aux)
 ***********
LaTeX2e <2023-11-01> patch level 1
L3 programming layer <2024-02-20>
 ***********


LaTeX Font Warning: Size substitutions with differences
(Font)              up to 2.90001pt have occurred.


Package rerunfilecheck Warning: File `final_report.out' has changed.
(rerunfilecheck)                Rerun to get outlines right
(rerunfilecheck)                or use package `bookmark'.

Package rerunfilecheck Info: Checksums for `final_report.out':
(rerunfilecheck)             Before: 59B9A509DDC07831D29C9A03C441623D;3618
(rerunfilecheck)             After:  04698B9483674E6321E07E0EF0E237E1;3512.
 ) 
Here is how much of TeX's memory you used:
 16554 strings out of 474115
 267487 string characters out of 5747697
 1947190 words of memory out of 5000000
 38309 multiletter control sequences out of 15000+600000
 671357 words of font info for 262 fonts, out of 8000000 for 9000
 1141 hyphenation exceptions out of 8191
 86i,13n,99p,1666b,610s stack positions out of 10000i,1000n,20000p,200000b,200000s

pdfTeX warning (dest): name{section*.22} has been referenced but does not exist
, replaced by a fixed one

<c:/texlive/2023/texmf-dist/fonts/type1/public/lm/lmbx10.pfb><c:/texlive/2023/t
exmf-dist/fonts/type1/public/lm/lmbx12.pfb><c:/texlive/2023/texmf-dist/fonts/ty
pe1/public/lm/lmmi10.pfb><c:/texlive/2023/texmf-dist/fonts/type1/public/lm/lmmi
12.pfb><c:/texlive/2023/texmf-dist/fonts/type1/public/lm/lmmi5.pfb><c:/texlive/
2023/texmf-dist/fonts/type1/public/lm/lmmi6.pfb><c:/texlive/2023/texmf-dist/fon
ts/type1/public/lm/lmmi8.pfb><c:/texlive/2023/texmf-dist/fonts/type1/public/lm/
lmr10.pfb><c:/texlive/2023/texmf-dist/fonts/type1/public/lm/lmr12.pfb><c:/texli
ve/2023/texmf-dist/fonts/type1/public/lm/lmr6.pfb><c:/texlive/2023/texmf-dist/f
onts/type1/public/lm/lmsy10.pfb><c:/texlive/2023/texmf-dist/fonts/type1/public/
lm/lmsy6.pfb><c:/texlive/2023/texmf-dist/fonts/type1/public/lm/lmsy7.pfb><c:/te
xlive/2023/texmf-dist/fonts/type1/public/lm/lmsy8.pfb>
Output written on final_report.pdf (41 pages, 2849427 bytes).
PDF statistics:
 1188 PDF objects out of 1200 (max. 8388607)
 512 compressed objects within 6 object streams
 121 named destinations out of 1000 (max. 500000)
 59709 words of extra memory for PDF output out of 61914 (max. 10000000)

